{"C:\\Users\\jpendhar\\VueRND\\tvshows\\src\\components\\Dashboard.vue": {"path":"C:\\Users\\jpendhar\\VueRND\\tvshows\\src\\components\\Dashboard.vue","statementMap":{"0":{"start":{"line":24,"column":0},"end":{"line":24,"column":null}},"1":{"start":{"line":25,"column":0},"end":{"line":25,"column":null}},"2":{"start":{"line":26,"column":0},"end":{"line":26,"column":null}},"3":{"start":{"line":27,"column":0},"end":{"line":27,"column":null}},"4":{"start":{"line":28,"column":15},"end":{"line":28,"column":null}},"5":{"start":{"line":31,"column":4},"end":{"line":31,"column":11}},"6":{"start":{"line":44,"column":6},"end":{"line":53,"column":null}},"7":{"start":{"line":45,"column":12},"end":{"line":45,"column":17}},"8":{"start":{"line":46,"column":26},"end":{"line":46,"column":47}},"9":{"start":{"line":47,"column":12},"end":{"line":47,"column":17}},"10":{"start":{"line":48,"column":24},"end":{"line":48,"column":null}},"11":{"start":{"line":50,"column":12},"end":{"line":50,"column":17}},"12":{"start":{"line":52,"column":8},"end":{"line":52,"column":13}},"13":{"start":{"line":54,"column":6},"end":{"line":54,"column":11}},"14":{"start":{"line":58,"column":6},"end":{"line":73,"column":null}},"15":{"start":{"line":59,"column":8},"end":{"line":59,"column":14}},"16":{"start":{"line":61,"column":9},"end":{"line":71,"column":null}},"17":{"start":{"line":62,"column":13},"end":{"line":62,"column":18}},"18":{"start":{"line":63,"column":27},"end":{"line":63,"column":48}},"19":{"start":{"line":64,"column":31},"end":{"line":64,"column":35}},"20":{"start":{"line":64,"column":49},"end":{"line":64,"column":59}},"21":{"start":{"line":65,"column":26},"end":{"line":65,"column":null}},"22":{"start":{"line":67,"column":14},"end":{"line":67,"column":19}},"23":{"start":{"line":68,"column":14},"end":{"line":68,"column":19}},"24":{"start":{"line":70,"column":13},"end":{"line":70,"column":18}},"25":{"start":{"line":72,"column":9},"end":{"line":72,"column":14}},"26":{"start":{"line":77,"column":8},"end":{"line":79,"column":null}},"27":{"start":{"line":80,"column":10},"end":{"line":80,"column":15}},"28":{"start":{"line":84,"column":8},"end":{"line":93,"column":null}},"29":{"start":{"line":85,"column":24},"end":{"line":85,"column":45}},"30":{"start":{"line":86,"column":12},"end":{"line":86,"column":17}},"31":{"start":{"line":87,"column":32},"end":{"line":89,"column":null}},"32":{"start":{"line":90,"column":12},"end":{"line":90,"column":17}},"33":{"start":{"line":92,"column":11},"end":{"line":92,"column":16}},"34":{"start":{"line":96,"column":6},"end":{"line":100,"column":null}},"35":{"start":{"line":98,"column":8},"end":{"line":98,"column":13}},"36":{"start":{"line":99,"column":8},"end":{"line":99,"column":13}},"37":{"start":{"line":105,"column":6},"end":{"line":105,"column":11}},"38":{"start":{"line":108,"column":4},"end":{"line":108,"column":12}},"39":{"start":{"line":113,"column":8},"end":{"line":113,"column":15}},"40":{"start":{"line":119,"column":10},"end":{"line":125,"column":null}},"41":{"start":{"line":120,"column":14},"end":{"line":120,"column":19}},"42":{"start":{"line":121,"column":14},"end":{"line":121,"column":22}},"43":{"start":{"line":123,"column":14},"end":{"line":123,"column":19}},"44":{"start":{"line":124,"column":14},"end":{"line":124,"column":22}}},"fnMap":{"0":{"name":"(anonymous_0)","decl":{"start":{"line":30,"column":2},"end":{"line":30,"column":6}},"loc":{"start":{"line":30,"column":9},"end":{"line":41,"column":null}}},"1":{"name":"(anonymous_1)","decl":{"start":{"line":43,"column":4},"end":{"line":43,"column":10}},"loc":{"start":{"line":43,"column":30},"end":{"line":56,"column":null}}},"2":{"name":"(anonymous_2)","decl":{"start":{"line":48,"column":14},"end":{"line":48,"column":15}},"loc":{"start":{"line":48,"column":24},"end":{"line":48,"column":null}}},"3":{"name":"(anonymous_3)","decl":{"start":{"line":57,"column":4},"end":{"line":57,"column":10}},"loc":{"start":{"line":57,"column":35},"end":{"line":74,"column":null}}},"4":{"name":"(anonymous_4)","decl":{"start":{"line":64,"column":41},"end":{"line":64,"column":49}},"loc":{"start":{"line":64,"column":49},"end":{"line":64,"column":59}}},"5":{"name":"(anonymous_5)","decl":{"start":{"line":65,"column":16},"end":{"line":65,"column":17}},"loc":{"start":{"line":65,"column":26},"end":{"line":65,"column":null}}},"6":{"name":"(anonymous_6)","decl":{"start":{"line":75,"column":4},"end":{"line":75,"column":21}},"loc":{"start":{"line":75,"column":32},"end":{"line":82,"column":null}}},"7":{"name":"(anonymous_7)","decl":{"start":{"line":83,"column":4},"end":{"line":83,"column":10}},"loc":{"start":{"line":83,"column":24},"end":{"line":94,"column":null}}},"8":{"name":"(anonymous_8)","decl":{"start":{"line":95,"column":4},"end":{"line":95,"column":18}},"loc":{"start":{"line":95,"column":21},"end":{"line":101,"column":null}}},"9":{"name":"(anonymous_9)","decl":{"start":{"line":104,"column":2},"end":{"line":104,"column":9}},"loc":{"start":{"line":104,"column":12},"end":{"line":106,"column":null}}},"10":{"name":"(anonymous_10)","decl":{"start":{"line":107,"column":2},"end":{"line":107,"column":11}},"loc":{"start":{"line":107,"column":14},"end":{"line":110,"column":null}}},"11":{"name":"(anonymous_11)","decl":{"start":{"line":112,"column":6},"end":{"line":112,"column":21}},"loc":{"start":{"line":112,"column":23},"end":{"line":114,"column":null}}},"12":{"name":"(anonymous_12)","decl":{"start":{"line":118,"column":17},"end":{"line":118,"column":26}},"loc":{"start":{"line":118,"column":32},"end":{"line":126,"column":null}}}},"branchMap":{"0":{"loc":{"start":{"line":58,"column":6},"end":{"line":73,"column":null}},"type":"if","locations":[{"start":{"line":58,"column":6},"end":{"line":73,"column":null}},{"start":{"line":58,"column":6},"end":{"line":73,"column":null}}]},"1":{"loc":{"start":{"line":78,"column":12},"end":{"line":78,"column":29}},"type":"cond-expr","locations":[{"start":{"line":78,"column":12},"end":{"line":78,"column":29}},{"start":{"line":79,"column":12},"end":{"line":79,"column":null}}]},"2":{"loc":{"start":{"line":88,"column":34},"end":{"line":88,"column":51}},"type":"cond-expr","locations":[{"start":{"line":88,"column":34},"end":{"line":88,"column":51}},{"start":{"line":89,"column":34},"end":{"line":89,"column":null}}]},"3":{"loc":{"start":{"line":96,"column":6},"end":{"line":100,"column":null}},"type":"if","locations":[{"start":{"line":96,"column":6},"end":{"line":100,"column":null}},{"start":{"line":96,"column":6},"end":{"line":100,"column":null}}]},"4":{"loc":{"start":{"line":96,"column":10},"end":{"line":96,"column":33}},"type":"binary-expr","locations":[{"start":{"line":96,"column":10},"end":{"line":96,"column":33}},{"start":{"line":96,"column":33},"end":{"line":97,"column":null}}]},"5":{"loc":{"start":{"line":113,"column":42},"end":{"line":113,"column":47}},"type":"cond-expr","locations":[{"start":{"line":113,"column":42},"end":{"line":113,"column":47}},{"start":{"line":113,"column":69},"end":{"line":113,"column":null}}]},"6":{"loc":{"start":{"line":119,"column":10},"end":{"line":125,"column":null}},"type":"if","locations":[{"start":{"line":119,"column":10},"end":{"line":125,"column":null}},{"start":{"line":119,"column":10},"end":{"line":125,"column":null}}]}},"s":{"0":1,"1":1,"2":1,"3":1,"4":1,"5":12,"6":14,"7":14,"8":14,"9":2,"10":2,"11":2,"12":12,"13":14,"14":3,"15":1,"16":2,"17":2,"18":2,"19":1,"20":2,"21":1,"22":1,"23":1,"24":1,"25":2,"26":2,"27":2,"28":2,"29":2,"30":1,"31":1,"32":1,"33":1,"34":2,"35":1,"36":1,"37":12,"38":1,"39":12,"40":12,"41":0,"42":0,"43":12,"44":12},"f":{"0":12,"1":14,"2":2,"3":3,"4":2,"5":1,"6":2,"7":2,"8":2,"9":12,"10":1,"11":12,"12":12},"b":{"0":[1,2],"1":[1,1],"2":[0,1],"3":[1,1],"4":[2,1],"5":[0,0],"6":[0,12]}}
,"C:\\Users\\jpendhar\\VueRND\\tvshows\\src\\components\\SearchTvShow.vue": {"path":"C:\\Users\\jpendhar\\VueRND\\tvshows\\src\\components\\SearchTvShow.vue","statementMap":{"0":{"start":{"line":17,"column":15},"end":{"line":17,"column":null}},"1":{"start":{"line":20,"column":4},"end":{"line":20,"column":11}}},"fnMap":{"0":{"name":"(anonymous_0)","decl":{"start":{"line":19,"column":2},"end":{"line":19,"column":6}},"loc":{"start":{"line":19,"column":9},"end":{"line":24,"column":null}}}},"branchMap":{},"s":{"0":1,"1":0},"f":{"0":0},"b":{}}
,"C:\\Users\\jpendhar\\VueRND\\tvshows\\src\\components\\TvShowTable.vue": {"path":"C:\\Users\\jpendhar\\VueRND\\tvshows\\src\\components\\TvShowTable.vue","statementMap":{"0":{"start":{"line":49,"column":15},"end":{"line":49,"column":null}}},"fnMap":{},"branchMap":{},"s":{"0":1},"f":{},"b":{}}
,"C:\\Users\\jpendhar\\VueRND\\tvshows\\src\\services\\TvShowsService.js": {"path":"C:\\Users\\jpendhar\\VueRND\\tvshows\\src\\services\\TvShowsService.js","statementMap":{"0":{"start":{"line":3,"column":14},"end":{"line":3,"column":39}},"1":{"start":{"line":7,"column":21},"end":{"line":7,"column":49}},"2":{"start":{"line":8,"column":8},"end":{"line":8,"column":35}},"3":{"start":{"line":11,"column":21},"end":{"line":11,"column":55}},"4":{"start":{"line":12,"column":8},"end":{"line":12,"column":35}},"5":{"start":{"line":15,"column":21},"end":{"line":15,"column":68}},"6":{"start":{"line":16,"column":8},"end":{"line":16,"column":35}},"7":{"start":{"line":19,"column":21},"end":{"line":19,"column":72}},"8":{"start":{"line":20,"column":8},"end":{"line":20,"column":35}}},"fnMap":{"0":{"name":"(anonymous_0)","decl":{"start":{"line":6,"column":4},"end":{"line":6,"column":5}},"loc":{"start":{"line":6,"column":21},"end":{"line":9,"column":5}},"line":6},"1":{"name":"(anonymous_1)","decl":{"start":{"line":10,"column":4},"end":{"line":10,"column":5}},"loc":{"start":{"line":10,"column":30},"end":{"line":13,"column":5}},"line":10},"2":{"name":"(anonymous_2)","decl":{"start":{"line":14,"column":4},"end":{"line":14,"column":5}},"loc":{"start":{"line":14,"column":37},"end":{"line":17,"column":5}},"line":14},"3":{"name":"(anonymous_3)","decl":{"start":{"line":18,"column":4},"end":{"line":18,"column":5}},"loc":{"start":{"line":18,"column":37},"end":{"line":21,"column":5}},"line":18}},"branchMap":{},"s":{"0":1,"1":2,"2":2,"3":0,"4":0,"5":0,"6":0,"7":0,"8":0},"f":{"0":2,"1":0,"2":0,"3":0},"b":{},"_coverageSchema":"43e27e138ebf9cfc5966b082cf9a028302ed4184","hash":"d3bd285f3ac5afecbe7a835f5d549f858c088239"}
,"C:\\Users\\jpendhar\\VueRND\\tvshows\\src\\utils\\filterUtil.js": {"path":"C:\\Users\\jpendhar\\VueRND\\tvshows\\src\\utils\\filterUtil.js","statementMap":{"0":{"start":{"line":2,"column":5},"end":{"line":3,"column":61}},"1":{"start":{"line":2,"column":32},"end":{"line":2,"column":77}},"2":{"start":{"line":3,"column":24},"end":{"line":3,"column":59}}},"fnMap":{"0":{"name":"filterByCategory","decl":{"start":{"line":1,"column":16},"end":{"line":1,"column":32}},"loc":{"start":{"line":1,"column":49},"end":{"line":4,"column":1}},"line":1},"1":{"name":"(anonymous_1)","decl":{"start":{"line":2,"column":24},"end":{"line":2,"column":25}},"loc":{"start":{"line":2,"column":32},"end":{"line":2,"column":77}},"line":2},"2":{"name":"(anonymous_2)","decl":{"start":{"line":3,"column":14},"end":{"line":3,"column":15}},"loc":{"start":{"line":3,"column":24},"end":{"line":3,"column":59}},"line":3}},"branchMap":{"0":{"loc":{"start":{"line":2,"column":32},"end":{"line":2,"column":77}},"type":"binary-expr","locations":[{"start":{"line":2,"column":32},"end":{"line":2,"column":43}},{"start":{"line":2,"column":47},"end":{"line":2,"column":77}}],"line":2}},"s":{"0":0,"1":0,"2":0},"f":{"0":0,"1":0,"2":0},"b":{"0":[0,0]},"_coverageSchema":"43e27e138ebf9cfc5966b082cf9a028302ed4184","hash":"5e70617da6b3e57596ed2d73e674c2898db670de"}
}
