TN:
SF:C:\Users\jpendhar\VueRND\tvshows\src\components\Dashboard.vue
FN:30,(anonymous_0)
FN:43,(anonymous_1)
FN:48,(anonymous_2)
FN:57,(anonymous_3)
FN:64,(anonymous_4)
FN:65,(anonymous_5)
FN:75,(anonymous_6)
FN:83,(anonymous_7)
FN:95,(anonymous_8)
FN:104,(anonymous_9)
FN:107,(anonymous_10)
FN:112,(anonymous_11)
FN:118,(anonymous_12)
FNF:13
FNH:13
FNDA:12,(anonymous_0)
FNDA:14,(anonymous_1)
FNDA:2,(anonymous_2)
FNDA:3,(anonymous_3)
FNDA:2,(anonymous_4)
FNDA:1,(anonymous_5)
FNDA:2,(anonymous_6)
FNDA:2,(anonymous_7)
FNDA:2,(anonymous_8)
FNDA:12,(anonymous_9)
FNDA:1,(anonymous_10)
FNDA:12,(anonymous_11)
FNDA:12,(anonymous_12)
DA:24,1
DA:25,1
DA:26,1
DA:27,1
DA:28,1
DA:31,12
DA:44,14
DA:45,14
DA:46,14
DA:47,2
DA:48,2
DA:50,2
DA:52,12
DA:54,14
DA:58,3
DA:59,1
DA:61,2
DA:62,2
DA:63,2
DA:64,2
DA:65,1
DA:67,1
DA:68,1
DA:70,1
DA:72,2
DA:77,2
DA:80,2
DA:84,2
DA:85,2
DA:86,1
DA:87,1
DA:90,1
DA:92,1
DA:96,2
DA:98,1
DA:99,1
DA:105,12
DA:108,1
DA:113,12
DA:119,12
DA:120,0
DA:121,0
DA:123,12
DA:124,12
LF:44
LH:42
BRDA:58,0,0,1
BRDA:58,0,1,2
BRDA:78,1,0,1
BRDA:78,1,1,1
BRDA:88,2,0,0
BRDA:88,2,1,1
BRDA:96,3,0,1
BRDA:96,3,1,1
BRDA:96,4,0,2
BRDA:96,4,1,1
BRDA:113,5,0,0
BRDA:113,5,1,0
BRDA:119,6,0,0
BRDA:119,6,1,12
BRF:14
BRH:10
end_of_record
TN:
SF:C:\Users\jpendhar\VueRND\tvshows\src\components\SearchTvShow.vue
FN:19,(anonymous_0)
FNF:1
FNH:0
FNDA:0,(anonymous_0)
DA:17,1
DA:20,0
LF:2
LH:1
BRF:0
BRH:0
end_of_record
TN:
SF:C:\Users\jpendhar\VueRND\tvshows\src\components\TvShowTable.vue
FNF:0
FNH:0
DA:49,1
LF:1
LH:1
BRF:0
BRH:0
end_of_record
TN:
SF:C:\Users\jpendhar\VueRND\tvshows\src\services\TvShowsService.js
FN:6,(anonymous_0)
FN:10,(anonymous_1)
FN:14,(anonymous_2)
FN:18,(anonymous_3)
FNF:4
FNH:1
FNDA:2,(anonymous_0)
FNDA:0,(anonymous_1)
FNDA:0,(anonymous_2)
FNDA:0,(anonymous_3)
DA:3,1
DA:7,2
DA:8,2
DA:11,0
DA:12,0
DA:15,0
DA:16,0
DA:19,0
DA:20,0
LF:9
LH:3
BRF:0
BRH:0
end_of_record
TN:
SF:C:\Users\jpendhar\VueRND\tvshows\src\utils\filterUtil.js
FN:1,filterByCategory
FN:2,(anonymous_1)
FN:3,(anonymous_2)
FNF:3
FNH:0
FNDA:0,filterByCategory
FNDA:0,(anonymous_1)
FNDA:0,(anonymous_2)
DA:2,0
DA:3,0
LF:2
LH:0
BRDA:2,0,0,0
BRDA:2,0,1,0
BRF:2
BRH:0
end_of_record
